#
# There is insufficient memory for the Java Runtime Environment to continue.
# Native memory allocation (malloc) failed to allocate 942176 bytes for Chunk::new
# Possible reasons:
#   The system is out of physical RAM or swap space
#   In 32 bit mode, the process size limit was hit
# Possible solutions:
#   Reduce memory load on the system
#   Increase physical memory or swap space
#   Check if swap backing store is full
#   Use 64 bit Java on a 64 bit OS
#   Decrease Java heap size (-Xmx/-Xms)
#   Decrease number of Java threads
#   Decrease Java thread stack sizes (-Xss)
#   Set larger code cache with -XX:ReservedCodeCacheSize=
# This output file may be truncated or incomplete.
#
#  Out of Memory Error (allocation.cpp:390), pid=9164, tid=512
#
# JRE version: Java(TM) SE Runtime Environment (8.0_60-b27) (build 1.8.0_60-b27)
# Java VM: Java HotSpot(TM) 64-Bit Server VM (25.60-b23 mixed mode windows-amd64 compressed oops)
# Failed to write core dump. Minidumps are not enabled by default on client versions of Windows
#

---------------  T H R E A D  ---------------

Current thread (0x0000000014b0b000):  JavaThread "C2 CompilerThread0" daemon [_thread_in_native, id=512, stack(0x0000000016080000,0x0000000016180000)]

Stack: [0x0000000016080000,0x0000000016180000]
[error occurred during error reporting (printing stack bounds), id 0xc0000005]

Native frames: (J=compiled Java code, j=interpreted, Vv=VM code, C=native code)


Current CompileTask:
C2:   8688 2040       4       com.android.dx.dex.code.OutputFinisher::addConstants (93 bytes)


---------------  P R O C E S S  ---------------

Java Threads: ( => current thread )
  0x0000000016437000 JavaThread "pool-1-thread-1" [_thread_in_native, id=6996, stack(0x0000000016980000,0x0000000016a80000)]
  0x00000000161e1000 JavaThread "Service Thread" daemon [_thread_blocked, id=8076, stack(0x0000000016780000,0x0000000016880000)]
  0x00000000161dc000 JavaThread "C1 CompilerThread2" daemon [_thread_blocked, id=8324, stack(0x0000000016680000,0x0000000016780000)]
  0x00000000161d6800 JavaThread "C2 CompilerThread1" daemon [_thread_in_native, id=2604, stack(0x0000000016580000,0x0000000016680000)]
=>0x0000000014b0b000 JavaThread "C2 CompilerThread0" daemon [_thread_in_native, id=512, stack(0x0000000016080000,0x0000000016180000)]
  0x0000000014b09000 JavaThread "Attach Listener" daemon [_thread_blocked, id=7192, stack(0x0000000015f80000,0x0000000016080000)]
  0x0000000014abe800 JavaThread "Signal Dispatcher" daemon [_thread_blocked, id=7360, stack(0x0000000015e80000,0x0000000015f80000)]
  0x00000000023b6000 JavaThread "Finalizer" daemon [_thread_blocked, id=4844, stack(0x0000000015d30000,0x0000000015e30000)]
  0x00000000023ad000 JavaThread "Reference Handler" daemon [_thread_blocked, id=8944, stack(0x0000000015c30000,0x0000000015d30000)]
  0x00000000022c0800 JavaThread "main" [_thread_blocked, id=8056, stack(0x00000000021c0000,0x00000000022c0000)]

Other Threads:
  0x0000000014a77800 VMThread [stack: 0x0000000015b30000,0x0000000015c30000] [id=7628]
  0x0000000016232800 WatcherThread [stack: 0x0000000016880000,0x0000000016980000] [id=6584]

VM state:not at safepoint (normal execution)

VM Mutex/Monitor currently owned by a thread: None

Heap:
 PSYoungGen      total 144896K, used 23882K [0x00000000eab00000, 0x00000000f4900000, 0x0000000100000000)
  eden space 129536K, 14% used [0x00000000eab00000,0x00000000ebd5cbf0,0x00000000f2980000)
  from space 15360K, 33% used [0x00000000f2980000,0x00000000f2e75c90,0x00000000f3880000)
  to   space 13824K, 0% used [0x00000000f3880000,0x00000000f3880000,0x00000000f4600000)
 ParOldGen       total 44032K, used 43618K [0x00000000c0000000, 0x00000000c2b00000, 0x00000000eab00000)
  object space 44032K, 99% used [0x00000000c0000000,0x00000000c2a98aa0,0x00000000c2b00000)
 Metaspace       used 7041K, capacity 7672K, committed 7936K, reserved 1056768K
  class space    used 649K, capacity 688K, committed 768K, reserved 1048576K

Card table byte_map: [0x0000000011780000,0x0000000011990000] byte_map_base: 0x0000000011180000

Marking Bits: (ParMarkBitMap*) 0x000000005245a5b0
 Begin Bits: [0x0000000011ef0000, 0x0000000012ef0000)
 End Bits:   [0x0000000012ef0000, 0x0000000013ef0000)

Polling page: 0x0000000000740000

CodeCache: size=245760Kb used=9466Kb max_used=9466Kb free=236293Kb
 bounds [0x00000000023c0000, 0x0000000002d10000, 0x00000000113c0000]
 total_blobs=2701 nmethods=2428 adapters=185
 compilation: enabled

Compilation events (10 events):
Event: 7.954 Thread 0x00000000161dc000 2085       2       com.android.dx.dex.file.TypeIdItem::addContents (16 bytes)
Event: 7.954 Thread 0x00000000161dc000 nmethod 2085 0x0000000002bd44d0 code [0x0000000002bd4660, 0x0000000002bd4a08]
Event: 7.964 Thread 0x00000000161dc000 2087       1       com.android.dx.dex.file.DexFile::getStringData (5 bytes)
Event: 7.965 Thread 0x00000000161dc000 nmethod 2087 0x0000000002bec3d0 code [0x0000000002bec520, 0x0000000002bec630]
Event: 7.965 Thread 0x00000000161dc000 2088       2       com.android.dx.dex.file.StringIdItem::addContents (36 bytes)
Event: 7.966 Thread 0x00000000161dc000 nmethod 2088 0x0000000002bec690 code [0x0000000002bec820, 0x0000000002becb38]
Event: 7.978 Thread 0x00000000161dc000 2089       2       com.android.dx.dex.file.StringDataItem::addContents (1 bytes)
Event: 7.978 Thread 0x00000000161dc000 nmethod 2089 0x0000000002beced0 code [0x0000000002bed020, 0x0000000002bed170]
Event: 7.978 Thread 0x00000000161dc000 2090       1       com.android.dx.dex.file.StringDataItem::addContents (1 bytes)
Event: 7.978 Thread 0x00000000161dc000 nmethod 2090 0x0000000002bed210 code [0x0000000002bed360, 0x0000000002bed470]

GC Heap History (10 events):
Event: 2.355 GC heap before
{Heap before GC invocations=4 (full 0):
 PSYoungGen      total 35328K, used 35297K [0x00000000eab00000, 0x00000000ef000000, 0x0000000100000000)
  eden space 32768K, 100% used [0x00000000eab00000,0x00000000ecb00000,0x00000000ecb00000)
  from space 2560K, 98% used [0x00000000ecb00000,0x00000000ecd78620,0x00000000ecd80000)
  to   space 2560K, 0% used [0x00000000eed80000,0x00000000eed80000,0x00000000ef000000)
 ParOldGen       total 44032K, used 8518K [0x00000000c0000000, 0x00000000c2b00000, 0x00000000eab00000)
  object space 44032K, 19% used [0x00000000c0000000,0x00000000c0851b20,0x00000000c2b00000)
 Metaspace       used 6285K, capacity 7156K, committed 7296K, reserved 1056768K
  class space    used 606K, capacity 620K, committed 640K, reserved 1048576K
Event: 2.392 GC heap after
Heap after GC invocations=4 (full 0):
 PSYoungGen      total 68096K, used 2537K [0x00000000eab00000, 0x00000000ef000000, 0x0000000100000000)
  eden space 65536K, 0% used [0x00000000eab00000,0x00000000eab00000,0x00000000eeb00000)
  from space 2560K, 99% used [0x00000000eed80000,0x00000000eeffa610,0x00000000ef000000)
  to   space 2560K, 0% used [0x00000000eeb00000,0x00000000eeb00000,0x00000000eed80000)
 ParOldGen       total 44032K, used 13622K [0x00000000c0000000, 0x00000000c2b00000, 0x00000000eab00000)
  object space 44032K, 30% used [0x00000000c0000000,0x00000000c0d4d9a8,0x00000000c2b00000)
 Metaspace       used 6285K, capacity 7156K, committed 7296K, reserved 1056768K
  class space    used 606K, capacity 620K, committed 640K, reserved 1048576K
}
Event: 2.867 GC heap before
{Heap before GC invocations=5 (full 0):
 PSYoungGen      total 68096K, used 68073K [0x00000000eab00000, 0x00000000ef000000, 0x0000000100000000)
  eden space 65536K, 100% used [0x00000000eab00000,0x00000000eeb00000,0x00000000eeb00000)
  from space 2560K, 99% used [0x00000000eed80000,0x00000000eeffa610,0x00000000ef000000)
  to   space 2560K, 0% used [0x00000000eeb00000,0x00000000eeb00000,0x00000000eed80000)
 ParOldGen       total 44032K, used 13622K [0x00000000c0000000, 0x00000000c2b00000, 0x00000000eab00000)
  object space 44032K, 30% used [0x00000000c0000000,0x00000000c0d4d9a8,0x00000000c2b00000)
 Metaspace       used 6321K, capacity 7156K, committed 7296K, reserved 1056768K
  class space    used 606K, capacity 620K, committed 640K, reserved 1048576K
Event: 2.895 GC heap after
Heap after GC invocations=5 (full 0):
 PSYoungGen      total 68096K, used 2552K [0x00000000eab00000, 0x00000000f4600000, 0x0000000100000000)
  eden space 65536K, 0% used [0x00000000eab00000,0x00000000eab00000,0x00000000eeb00000)
  from space 2560K, 99% used [0x00000000eeb00000,0x00000000eed7e150,0x00000000eed80000)
  to   space 13824K, 0% used [0x00000000f3880000,0x00000000f3880000,0x00000000f4600000)
 ParOldGen       total 44032K, used 23902K [0x00000000c0000000, 0x00000000c2b00000, 0x00000000eab00000)
  object space 44032K, 54% used [0x00000000c0000000,0x00000000c1757b48,0x00000000c2b00000)
 Metaspace       used 6321K, capacity 7156K, committed 7296K, reserved 1056768K
  class space    used 606K, capacity 620K, committed 640K, reserved 1048576K
}
Event: 3.241 GC heap before
{Heap before GC invocations=6 (full 0):
 PSYoungGen      total 68096K, used 68088K [0x00000000eab00000, 0x00000000f4600000, 0x0000000100000000)
  eden space 65536K, 100% used [0x00000000eab00000,0x00000000eeb00000,0x00000000eeb00000)
  from space 2560K, 99% used [0x00000000eeb00000,0x00000000eed7e150,0x00000000eed80000)
  to   space 13824K, 0% used [0x00000000f3880000,0x00000000f3880000,0x00000000f4600000)
 ParOldGen       total 44032K, used 23902K [0x00000000c0000000, 0x00000000c2b00000, 0x00000000eab00000)
  object space 44032K, 54% used [0x00000000c0000000,0x00000000c1757b48,0x00000000c2b00000)
 Metaspace       used 6509K, capacity 7256K, committed 7424K, reserved 1056768K
  class space    used 627K, capacity 656K, committed 768K, reserved 1048576K
Event: 3.274 GC heap after
Heap after GC invocations=6 (full 0):
 PSYoungGen      total 143360K, used 11601K [0x00000000eab00000, 0x00000000f4900000, 0x0000000100000000)
  eden space 129536K, 0% used [0x00000000eab00000,0x00000000eab00000,0x00000000f2980000)
  from space 13824K, 83% used [0x00000000f3880000,0x00000000f43d4688,0x00000000f4600000)
  to   space 15360K, 0% used [0x00000000f2980000,0x00000000f2980000,0x00000000f3880000)
 ParOldGen       total 44032K, used 23902K [0x00000000c0000000, 0x00000000c2b00000, 0x00000000eab00000)
  object space 44032K, 54% used [0x00000000c0000000,0x00000000c1757b48,0x00000000c2b00000)
 Metaspace       used 6509K, capacity 7256K, committed 7424K, reserved 1056768K
  class space    used 627K, capacity 656K, committed 768K, reserved 1048576K
}
Event: 4.422 GC heap before
{Heap before GC invocations=7 (full 0):
 PSYoungGen      total 143360K, used 141137K [0x00000000eab00000, 0x00000000f4900000, 0x0000000100000000)
  eden space 129536K, 100% used [0x00000000eab00000,0x00000000f2980000,0x00000000f2980000)
  from space 13824K, 83% used [0x00000000f3880000,0x00000000f43d4688,0x00000000f4600000)
  to   space 15360K, 0% used [0x00000000f2980000,0x00000000f2980000,0x00000000f3880000)
 ParOldGen       total 44032K, used 23902K [0x00000000c0000000, 0x00000000c2b00000, 0x00000000eab00000)
  object space 44032K, 54% used [0x00000000c0000000,0x00000000c1757b48,0x00000000c2b00000)
 Metaspace       used 6639K, capacity 7320K, committed 7680K, reserved 1056768K
  class space    used 633K, capacity 656K, committed 768K, reserved 1048576K
Event: 4.573 GC heap after
Heap after GC invocations=7 (full 0):
 PSYoungGen      total 144896K, used 15336K [0x00000000eab00000, 0x00000000f4900000, 0x0000000100000000)
  eden space 129536K, 0% used [0x00000000eab00000,0x00000000eab00000,0x00000000f2980000)
  from space 15360K, 99% used [0x00000000f2980000,0x00000000f387a3c0,0x00000000f3880000)
  to   space 13824K, 0% used [0x00000000f3880000,0x00000000f3880000,0x00000000f4600000)
 ParOldGen       total 44032K, used 37008K [0x00000000c0000000, 0x00000000c2b00000, 0x00000000eab00000)
  object space 44032K, 84% used [0x00000000c0000000,0x00000000c2424350,0x00000000c2b00000)
 Metaspace       used 6639K, capacity 7320K, committed 7680K, reserved 1056768K
  class space    used 633K, capacity 656K, committed 768K, reserved 1048576K
}
Event: 4.573 GC heap before
{Heap before GC invocations=8 (full 1):
 PSYoungGen      total 144896K, used 15336K [0x00000000eab00000, 0x00000000f4900000, 0x0000000100000000)
  eden space 129536K, 0% used [0x00000000eab00000,0x00000000eab00000,0x00000000f2980000)
  from space 15360K, 99% used [0x00000000f2980000,0x00000000f387a3c0,0x00000000f3880000)
  to   space 13824K, 0% used [0x00000000f3880000,0x00000000f3880000,0x00000000f4600000)
 ParOldGen       total 44032K, used 37008K [0x00000000c0000000, 0x00000000c2b00000, 0x00000000eab00000)
  object space 44032K, 84% used [0x00000000c0000000,0x00000000c2424350,0x00000000c2b00000)
 Metaspace       used 6639K, capacity 7320K, committed 7680K, reserved 1056768K
  class space    used 633K, capacity 656K, committed 768K, reserved 1048576K
Event: 7.174 GC heap after
Heap after GC invocations=8 (full 1):
 PSYoungGen      total 144896K, used 5079K [0x00000000eab00000, 0x00000000f4900000, 0x0000000100000000)
  eden space 129536K, 0% used [0x00000000eab00000,0x00000000eab00000,0x00000000f2980000)
  from space 15360K, 33% used [0x00000000f2980000,0x00000000f2e75c90,0x00000000f3880000)
  to   space 13824K, 0% used [0x00000000f3880000,0x00000000f3880000,0x00000000f4600000)
 ParOldGen       total 44032K, used 43618K [0x00000000c0000000, 0x00000000c2b00000, 0x00000000eab00000)
  object space 44032K, 99% used [0x00000000c0000000,0x00000000c2a98aa0,0x00000000c2b00000)
 Metaspace       used 6639K, capacity 7320K, committed 7680K, reserved 1056768K
  class space    used 633K, capacity 656K, committed 768K, reserved 1048576K
}

Deoptimization events (10 events):
Event: 3.155 Thread 0x0000000016409800 Uncommon trap: reason=bimorphic action=maybe_recompile pc=0x00000000029fe970 method=com.android.dx.ssa.LiteralOpUpgrader.tryReplacingWithConstant(Lcom/android/dx/ssa/NormalSsaInsn;)Z @ 62
Event: 3.308 Thread 0x0000000016409800 Uncommon trap: reason=unstable_if action=reinterpret pc=0x0000000002a91cd4 method=com.android.dx.ssa.MoveParamCombiner$1.visitNonMoveInsn(Lcom/android/dx/ssa/NormalSsaInsn;)V @ 27
Event: 3.318 Thread 0x0000000016438000 Uncommon trap: reason=unstable_if action=reinterpret pc=0x0000000002a75ec4 method=java.util.HashMap.resize()[Ljava/util/HashMap$Node; @ 206
Event: 3.589 Thread 0x00000000022c0800 Uncommon trap: reason=unstable_if action=reinterpret pc=0x0000000002a6c33c method=com.android.dx.ssa.SCCP.simulateBranch(Lcom/android/dx/ssa/SsaInsn;)V @ 548
Event: 3.642 Thread 0x0000000016437000 Uncommon trap: reason=unstable_if action=reinterpret pc=0x0000000002aa2704 method=com.android.dx.rop.cst.CstNat.equals(Ljava/lang/Object;)Z @ 25
Event: 4.019 Thread 0x0000000016437000 Uncommon trap: reason=class_check action=maybe_recompile pc=0x0000000002846ec8 method=java.util.Arrays.hashCode([Ljava/lang/Object;)I @ 43
Event: 4.019 Thread 0x0000000016437000 Uncommon trap: reason=class_check action=maybe_recompile pc=0x0000000002846ec8 method=java.util.Arrays.hashCode([Ljava/lang/Object;)I @ 43
Event: 4.020 Thread 0x0000000016437000 Uncommon trap: reason=class_check action=maybe_recompile pc=0x0000000002846ec8 method=java.util.Arrays.hashCode([Ljava/lang/Object;)I @ 43
Event: 4.020 Thread 0x0000000016437000 Uncommon trap: reason=class_check action=maybe_recompile pc=0x0000000002846ec8 method=java.util.Arrays.hashCode([Ljava/lang/Object;)I @ 43
Event: 4.020 Thread 0x0000000016437000 Uncommon trap: reason=class_check action=maybe_recompile pc=0x0000000002848128 method=java.util.Arrays.hashCode([Ljava/lang/Object;)I @ 43

Internal exceptions (6 events):
Event: 0.061 Thread 0x00000000022c0800 Exception <a 'java/lang/NoSuchMethodError': Method sun.misc.Unsafe.defineClass(Ljava/lang/String;[BII)Ljava/lang/Class; name or signature does not match> (0x00000000eab13050) thrown at [C:\re\workspace\8-2-build-windows-amd64-cygwin\jdk8u60\4407\hotspot\sraqÏê5-¯?
Event: 0.061 Thread 0x00000000022c0800 Exception <a 'java/lang/NoSuchMethodError': Method sun.misc.Unsafe.prefetchRead(Ljava/lang/Object;J)V name or signature does not match> (0x00000000eab13338) thrown at [C:\re\workspace\8-2-build-windows-amd64-cygwin\jdk8u60\4407\hotspot\src\share\vm\prims\j´R¢I=ý?
Event: 1.827 Thread 0x0000000016437000 Implicit null exception at 0x00000000026ee434 to 0x00000000026efb79
Event: 3.027 Thread 0x0000000016438000 Exception <a 'java/lang/ArrayIndexOutOfBoundsException': 18> (0x00000000ec2a0448) thrown at [C:\re\workspace\8-2-build-windows-amd64-cygwin\jdk8u60\4407\hotspot\src\share\vm\interpreter\interpreterRuntime.cpp, line 366]
Event: 3.027 Thread 0x0000000016438000 Exception <a 'java/lang/ArrayIndexOutOfBoundsException': 145> (0x00000000ec2a1fc8) thrown at [C:\re\workspace\8-2-build-windows-amd64-cygwin\jdk8u60\4407\hotspot\src\share\vm\interpreter\interpreterRuntime.cpp, line 366]
Event: 3.028 Thread 0x0000000016438000 Exception <a 'java/lang/ArrayIndexOutOfBoundsException'> (0x00000000ec2a32b0) thrown at [C:\re\workspace\8-2-build-windows-amd64-cygwin\jdk8u60\4407\hotspot\src\share\vm\runtime\sharedRuntime.cpp, line 605]

Events (10 events):
Event: 4.233 Executing VM operation: EnableBiasedLocking done
Event: 4.422 Executing VM operation: ParallelGCFailedAllocation
Event: 7.174 Executing VM operation: ParallelGCFailedAllocation done
Event: 7.183 loading class com/android/dx/dex/file/ProtoIdItem
Event: 7.183 loading class com/android/dx/dex/file/ProtoIdItem done
Event: 7.952 Thread 0x0000000016437000 DEOPT PACKING pc=0x00000000029e245f sp=0x0000000016a7e9d0
Event: 7.952 Thread 0x0000000016437000 DEOPT UNPACKING pc=0x000000000240787f sp=0x0000000016a7e730 mode 0
Event: 7.964 loading class com/android/dex/Leb128
Event: 7.964 loading class com/android/dex/Leb128 done
Event: 7.979 loading class java/util/Collections$1


Dynamic libraries:
0x00007ff61c700000 - 0x00007ff61c737000 	C:\Program Files\Java\jdk1.8.0_60\bin\java.exe
0x00007ffaa7a20000 - 0x00007ffaa7bcd000 	C:\Windows\SYSTEM32\ntdll.dll
0x00007ffaa6b10000 - 0x00007ffaa6c4e000 	C:\Windows\system32\KERNEL32.DLL
0x00007ffaa4cf0000 - 0x00007ffaa4e05000 	C:\Windows\system32\KERNELBASE.dll
0x00007ffaa3710000 - 0x00007ffaa379e000 	C:\Windows\system32\apphelp.dll
0x00007ffa932a0000 - 0x00007ffa932f3000 	C:\Windows\AppPatch\AppPatch64\AcGenral.DLL
0x00007ffaa5200000 - 0x00007ffaa52aa000 	C:\Windows\system32\msvcrt.dll
0x00007ffaa4940000 - 0x00007ffaa496e000 	C:\Windows\SYSTEM32\SspiCli.dll
0x00007ffaa7810000 - 0x00007ffaa7864000 	C:\Windows\system32\SHLWAPI.dll
0x00007ffaa7600000 - 0x00007ffaa7777000 	C:\Windows\system32\USER32.dll
0x00007ffaa6c90000 - 0x00007ffaa6e24000 	C:\Windows\system32\ole32.dll
0x00007ffaa5520000 - 0x00007ffaa6a4b000 	C:\Windows\system32\SHELL32.dll
0x00007ffaa4110000 - 0x00007ffaa4131000 	C:\Windows\SYSTEM32\USERENV.dll
0x00007ffaa5470000 - 0x00007ffaa551a000 	C:\Windows\system32\ADVAPI32.dll
0x00007ffa99b00000 - 0x00007ffa99b1e000 	C:\Windows\SYSTEM32\MPR.dll
0x00007ffaa50b0000 - 0x00007ffaa51f1000 	C:\Windows\system32\RPCRT4.dll
0x00007ffaa72a0000 - 0x00007ffaa72f9000 	C:\Windows\SYSTEM32\sechost.dll
0x00007ffaa7300000 - 0x00007ffaa7511000 	C:\Windows\SYSTEM32\combase.dll
0x00007ffaa7870000 - 0x00007ffaa79bf000 	C:\Windows\system32\GDI32.dll
0x00007ffaa4b70000 - 0x00007ffaa4b85000 	C:\Windows\SYSTEM32\profapi.dll
0x00007ffaa3120000 - 0x00007ffaa31d2000 	C:\Windows\SYSTEM32\SHCORE.dll
0x00007ffaa6c50000 - 0x00007ffaa6c86000 	C:\Windows\system32\IMM32.DLL
0x00007ffaa6e30000 - 0x00007ffaa6f81000 	C:\Windows\system32\MSCTF.dll
0x00007ffaa24d0000 - 0x00007ffaa274a000 	C:\Windows\WinSxS\amd64_microsoft.windows.common-controls_6595b64144ccf1df_6.0.9600.17810_none_6240b9c7ecbd0bda\COMCTL32.dll
0x0000000051660000 - 0x0000000051732000 	C:\Program Files\Java\jdk1.8.0_60\jre\bin\msvcr100.dll
0x0000000051c50000 - 0x00000000524d9000 	C:\Program Files\Java\jdk1.8.0_60\jre\bin\server\jvm.dll
0x00007ffa9bb20000 - 0x00007ffa9bb29000 	C:\Windows\SYSTEM32\WSOCK32.dll
0x00007ffaa21d0000 - 0x00007ffaa21f2000 	C:\Windows\SYSTEM32\WINMM.dll
0x00007ffaa2200000 - 0x00007ffaa220a000 	C:\Windows\SYSTEM32\VERSION.dll
0x00007ffaa7520000 - 0x00007ffaa7527000 	C:\Windows\system32\PSAPI.DLL
0x00007ffaa79c0000 - 0x00007ffaa7a1a000 	C:\Windows\system32\WS2_32.dll
0x00007ffaa2190000 - 0x00007ffaa21ba000 	C:\Windows\SYSTEM32\WINMMBASE.dll
0x00007ffaa50a0000 - 0x00007ffaa50a9000 	C:\Windows\system32\NSI.dll
0x00007ffaa5050000 - 0x00007ffaa509f000 	C:\Windows\SYSTEM32\cfgmgr32.dll
0x00007ffaa3970000 - 0x00007ffaa3998000 	C:\Windows\SYSTEM32\DEVOBJ.dll
0x0000000051c40000 - 0x0000000051c4f000 	C:\Program Files\Java\jdk1.8.0_60\jre\bin\verify.dll
0x0000000051c10000 - 0x0000000051c39000 	C:\Program Files\Java\jdk1.8.0_60\jre\bin\java.dll
0x0000000051bf0000 - 0x0000000051c06000 	C:\Program Files\Java\jdk1.8.0_60\jre\bin\zip.dll

VM Arguments:
jvm_args: -Djava.awt.headless=true -Xmx1024M -Dfile.encoding=GBK -Duser.country=CN -Duser.language=zh -Duser.variant 
java_command: com.android.dx.command.Main --dex --force-jumbo --num-threads=4 --multi-dex --output E:\Android\Workplaces\Intent\app\build\intermediates\transforms\dex\debug\folders\1000\10\com.android.support-appcompat-v7-24.2.0_bb06e4287f78ecf4716f08a01957cb59f901514e E:\Android\Workplaces\Intent\app\build\intermediates\exploded-aar\com.android.support\appcompat-v7\24.2.0\jars\classes.jar
java_class_path (initial): C:\Users\PC-DELL\AppData\Local\Android\Sdk\build-tools\24.0.2\lib\dx.jar
Launcher Type: SUN_STANDARD

Environment Variables:
JAVA_HOME=C:\Program Files\Java\jdk1.8.0_60
CLASSPATH=.;C:\Program Files\Java\jdk1.8.0_60\lib\dt.jar;C:\Program Files\Java\jdk1.8.0_60\lib\tools.jar
PATH=C:\ProgramData\Oracle\Java\javapath;E:\Java\jdk1.8.0_60\jre\bin ;C:\Program Files\Java\jdk1.8.0_60\bin;C:\Program Files\Java\jdk1.8.0_60\jre\bin;E:\Git\Git\cmd
USERNAME=PC-DELL
OS=Windows_NT
PROCESSOR_IDENTIFIER=Intel64 Family 6 Model 61 Stepping 4, GenuineIntel



---------------  S Y S T E M  ---------------

OS: Windows 8.1 , 64 bit Build 9600 (6.3.9600.17415)

CPU:total 4 (2 cores per cpu, 2 threads per core) family 6 model 61 stepping 4, cmov, cx8, fxsr, mmx, sse, sse2, sse3, ssse3, sse4.1, sse4.2, popcnt, avx, avx2, aes, clmul, erms, 3dnowpref, lzcnt, ht, tsc, tscinvbit, bmi1, bmi2, adx

Memory: 4k page, physical 4102672k(115564k free), swap 7248400k(14992k free)

vm_info: Java HotSpot(TM) 64-Bit Server VM (25.60-b23) for windows-amd64 JRE (1.8.0_60-b27), built on Aug  4 2015 11:06:27 by "java_re" with MS VC++ 10.0 (VS2010)

time: Mon Oct 24 19:33:00 2016
elapsed time: 9 seconds (0d 0h 0m 9s)

